<?xml version="1.0" encoding="utf-8"?><testsuites name="pytest tests"><testsuite name="pytest" errors="0" failures="0" skipped="0" tests="29" time="3.656" timestamp="2026-05-29T13:06:56.529340+00:00" hostname="agent-env-04c010f7-c039-48ff-a1be-bef5bb1c769c"><testcase classname="backend.tests.test_admin_leads.TestAdminAuth" name="test_missing_token_401" time="0.281" /><testcase classname="backend.tests.test_admin_leads.TestAdminAuth" name="test_wrong_token_401" time="0.158" /><testcase classname="backend.tests.test_admin_leads.TestAdminAuth" name="test_correct_token_200_shape" time="0.171" /><testcase classname="backend.tests.test_admin_leads.TestAdminFilters" name="test_filter_type_cart_enquiry" time="0.277" /><testcase classname="backend.tests.test_admin_leads.TestAdminFilters" name="test_filter_contacted_false_returns_uncontacted" time="0.167" /><testcase classname="backend.tests.test_admin_leads.TestAdminFilters" name="test_filter_contacted_true" time="0.295" /><testcase classname="backend.tests.test_admin_leads.TestAdminFilters" name="test_limit_param" time="0.238" /><testcase classname="backend.tests.test_admin_leads.TestAdminPatch" name="test_patch_mark_contacted_then_uncontact" time="0.490" /><testcase classname="backend.tests.test_admin_leads.TestAdminPatch" name="test_patch_invalid_id_400" time="0.172" /><testcase classname="backend.tests.test_admin_leads.TestAdminPatch" name="test_patch_nonexistent_id_404" time="0.110" /><testcase classname="backend.tests.test_admin_leads.TestAdminPatch" name="test_patch_empty_body_400" time="0.162" /><testcase classname="backend.tests.test_admin_leads.TestAdminPatch" name="test_patch_requires_token" time="0.192" /><testcase classname="backend.tests.test_marda_api.TestHealth" name="test_health_ok" time="0.048" /><testcase classname="backend.tests.test_marda_api.TestCategories" name="test_list_categories" time="0.048" /><testcase classname="backend.tests.test_marda_api.TestProducts" name="test_list_all_products" time="0.055" /><testcase classname="backend.tests.test_marda_api.TestProducts" name="test_filter_by_category_blankets" time="0.049" /><testcase classname="backend.tests.test_marda_api.TestProducts" name="test_filter_featured" time="0.052" /><testcase classname="backend.tests.test_marda_api.TestProducts" name="test_search_query_towel" time="0.049" /><testcase classname="backend.tests.test_marda_api.TestProducts" name="test_get_product_by_slug" time="0.050" /><testcase classname="backend.tests.test_marda_api.TestProducts" name="test_get_product_unknown_slug_404" time="0.066" /><testcase classname="backend.tests.test_marda_api.TestContact" name="test_contact_success" time="0.049" /><testcase classname="backend.tests.test_marda_api.TestContact" name="test_contact_invalid_email_422" time="0.045" /><testcase classname="backend.tests.test_marda_api.TestWholesale" name="test_wholesale_success" time="0.055" /><testcase classname="backend.tests.test_marda_api.TestWholesale" name="test_wholesale_missing_phone_422" time="0.046" /><testcase classname="backend.tests.test_marda_api.TestNewsletter" name="test_newsletter_new_and_duplicate" time="0.100" /><testcase classname="backend.tests.test_marda_api.TestNewsletter" name="test_newsletter_invalid_email_422" time="0.045" /><testcase classname="backend.tests.test_marda_api.TestCartEnquiry" name="test_cart_enquiry_success" time="0.045" /><testcase classname="backend.tests.test_marda_api.TestCartEnquiry" name="test_cart_enquiry_missing_required_422" time="0.043" /><testcase classname="backend.tests.test_marda_api.TestCartEnquiry" name="test_cart_enquiry_multi_item_persists" time="0.046" /></testsuite></testsuites>