<?xml version="1.0" encoding="utf-8"?><testsuites name="pytest tests"><testsuite name="pytest" errors="0" failures="0" skipped="0" tests="14" time="1.100" timestamp="2026-05-28T13:04:05.941958+00:00" hostname="agent-env-c0ae75ab-be30-46a0-81cf-70bdbc8579d0"><testcase classname="backend.tests.test_marda_api.TestHealth" name="test_health_ok" time="0.275" /><testcase classname="backend.tests.test_marda_api.TestCategories" name="test_list_categories" time="0.061" /><testcase classname="backend.tests.test_marda_api.TestProducts" name="test_list_all_products" time="0.061" /><testcase classname="backend.tests.test_marda_api.TestProducts" name="test_filter_by_category_blankets" time="0.053" /><testcase classname="backend.tests.test_marda_api.TestProducts" name="test_filter_featured" time="0.053" /><testcase classname="backend.tests.test_marda_api.TestProducts" name="test_search_query_towel" time="0.055" /><testcase classname="backend.tests.test_marda_api.TestProducts" name="test_get_product_by_slug" time="0.057" /><testcase classname="backend.tests.test_marda_api.TestProducts" name="test_get_product_unknown_slug_404" time="0.064" /><testcase classname="backend.tests.test_marda_api.TestContact" name="test_contact_success" time="0.059" /><testcase classname="backend.tests.test_marda_api.TestContact" name="test_contact_invalid_email_422" time="0.057" /><testcase classname="backend.tests.test_marda_api.TestWholesale" name="test_wholesale_success" time="0.056" /><testcase classname="backend.tests.test_marda_api.TestWholesale" name="test_wholesale_missing_phone_422" time="0.069" /><testcase classname="backend.tests.test_marda_api.TestNewsletter" name="test_newsletter_new_and_duplicate" time="0.108" /><testcase classname="backend.tests.test_marda_api.TestNewsletter" name="test_newsletter_invalid_email_422" time="0.054" /></testsuite></testsuites>